<?xml version="1.0" encoding="UTF-8"?>
<!-- Generated by org.testng.reporters.JUnitReportReporter -->
<testsuite hostname="LAPTOP-63JO629S" failures="0" tests="5" name="Academy.DemotestNG" time="0.012" errors="0" timestamp="2022-03-16T15:32:46 IST" skipped="0">
  <testcase classname="Academy.DemotestNG" name="test" time="0.004"/>
  <system-out/>
  <testcase classname="Academy.DemotestNG" name="test4" time="0.002"/>
  <system-out/>
  <testcase classname="Academy.DemotestNG" name="test1" time="0.001"/>
  <system-out/>
  <testcase classname="Academy.DemotestNG" name="test2" time="0.001"/>
  <system-out/>
  <testcase classname="Academy.DemotestNG" name="test3" time="0.004"/>
  <system-out/>
</testsuite> <!-- Academy.DemotestNG -->
